0 info it worked if it ends with ok
1 verbose cli [ '/usr/local/bin/node',
1 verbose cli   '/usr/local/bin/npm',
1 verbose cli   'install',
1 verbose cli   'requirejs/text' ]
2 info using npm@3.10.8
3 info using node@v6.9.1
4 silly loadCurrentTree Starting
5 silly install loadCurrentTree
6 silly install readLocalPackageData
7 silly fetchPackageMetaData requirejs/text
8 silly fetchOtherPackageData requirejs/text
9 silly cache add args [ 'requirejs/text', null ]
10 verbose cache add spec requirejs/text
11 silly cache add parsed spec Result {
11 silly cache add   raw: 'requirejs/text',
11 silly cache add   scope: null,
11 silly cache add   escapedName: null,
11 silly cache add   name: null,
11 silly cache add   rawSpec: 'requirejs/text',
11 silly cache add   spec: 'github:requirejs/text',
11 silly cache add   type: 'hosted',
11 silly cache add   hosted:
11 silly cache add    { type: 'github',
11 silly cache add      ssh: 'git@github.com:requirejs/text.git',
11 silly cache add      sshUrl: 'git+ssh://git@github.com/requirejs/text.git',
11 silly cache add      httpsUrl: 'git+https://github.com/requirejs/text.git',
11 silly cache add      gitUrl: 'git://github.com/requirejs/text.git',
11 silly cache add      shortcut: 'github:requirejs/text',
11 silly cache add      directUrl: 'https://raw.githubusercontent.com/requirejs/text/master/package.json' } }
12 verbose addRemoteGit caching requirejs/text
13 verbose addRemoteGit requirejs/text is a repository hosted by github
14 silly tryGitProto attempting to clone git://github.com/requirejs/text.git
15 silly tryClone cloning requirejs/text via git://github.com/requirejs/text.git
16 verbose tryClone git-github-com-requirejs-text-git-37804fea not in flight; caching
17 verbose correctMkdir /Users/taho/.npm/_git-remotes correctMkdir not in flight; initializing
18 info git [ 'config', '--get', 'remote.origin.url' ]
19 warn addRemoteGit requirejs/text resetting remote /Users/taho/.npm/_git-remotes/git-github-com-requirejs-text-git-37804fea because of error: xcrun: error: invalid active developer path (/Library/Developer/CommandLineTools), missing xcrun at: /Library/Developer/CommandLineTools/usr/bin/xcrun
20 info resetRemote resetting /Users/taho/.npm/_git-remotes/git-github-com-requirejs-text-git-37804fea for requirejs/text
21 silly gentlyRm /Users/taho/.npm/_git-remotes/git-github-com-requirejs-text-git-37804fea is being purged
22 verbose gentlyRm don't care about contents; nuking /Users/taho/.npm/_git-remotes/git-github-com-requirejs-text-git-37804fea
23 silly vacuum-fs purging /Users/taho/.npm/_git-remotes/git-github-com-requirejs-text-git-37804fea
24 silly vacuum-fs quitting because other entries in /Users/taho/.npm/_git-remotes
25 info git [ 'clone',
25 info git   '--template=/Users/taho/.npm/_git-remotes/_templates',
25 info git   '--mirror',
25 info git   'git://github.com/requirejs/text.git',
25 info git   '/Users/taho/.npm/_git-remotes/git-github-com-requirejs-text-git-37804fea' ]
26 error git clone --template=/Users/taho/.npm/_git-remotes/_templates --mirror git://github.com/requirejs/text.git /Users/taho/.npm/_git-remotes/git-github-com-requirejs-text-git-37804fea: xcrun: error: invalid active developer path (/Library/Developer/CommandLineTools), missing xcrun at: /Library/Developer/CommandLineTools/usr/bin/xcrun
27 silly tryHTTPS attempting to clone git+https://github.com/requirejs/text.git
28 silly tryClone cloning requirejs/text via git+https://github.com/requirejs/text.git
29 verbose tryClone git-https-github-com-requirejs-text-git-b295b06f not in flight; caching
30 verbose correctMkdir /Users/taho/.npm/_git-remotes correctMkdir not in flight; initializing
31 info git [ 'config', '--get', 'remote.origin.url' ]
32 warn addRemoteGit requirejs/text resetting remote /Users/taho/.npm/_git-remotes/git-https-github-com-requirejs-text-git-b295b06f because of error: xcrun: error: invalid active developer path (/Library/Developer/CommandLineTools), missing xcrun at: /Library/Developer/CommandLineTools/usr/bin/xcrun
33 info resetRemote resetting /Users/taho/.npm/_git-remotes/git-https-github-com-requirejs-text-git-b295b06f for requirejs/text
34 silly gentlyRm /Users/taho/.npm/_git-remotes/git-https-github-com-requirejs-text-git-b295b06f is being purged
35 verbose gentlyRm don't care about contents; nuking /Users/taho/.npm/_git-remotes/git-https-github-com-requirejs-text-git-b295b06f
36 silly vacuum-fs purging /Users/taho/.npm/_git-remotes/git-https-github-com-requirejs-text-git-b295b06f
37 silly vacuum-fs quitting because other entries in /Users/taho/.npm/_git-remotes
38 info git [ 'clone',
38 info git   '--template=/Users/taho/.npm/_git-remotes/_templates',
38 info git   '--mirror',
38 info git   'https://github.com/requirejs/text.git',
38 info git   '/Users/taho/.npm/_git-remotes/git-https-github-com-requirejs-text-git-b295b06f' ]
39 error git clone --template=/Users/taho/.npm/_git-remotes/_templates --mirror https://github.com/requirejs/text.git /Users/taho/.npm/_git-remotes/git-https-github-com-requirejs-text-git-b295b06f: xcrun: error: invalid active developer path (/Library/Developer/CommandLineTools), missing xcrun at: /Library/Developer/CommandLineTools/usr/bin/xcrun
40 silly trySSH attempting to clone git@github.com:requirejs/text.git
41 silly tryClone cloning requirejs/text via git@github.com:requirejs/text.git
42 verbose tryClone git-github-com-requirejs-text-git-e7ab515b not in flight; caching
43 verbose correctMkdir /Users/taho/.npm/_git-remotes correctMkdir not in flight; initializing
44 info git [ 'config', '--get', 'remote.origin.url' ]
45 warn addRemoteGit requirejs/text resetting remote /Users/taho/.npm/_git-remotes/git-github-com-requirejs-text-git-e7ab515b because of error: xcrun: error: invalid active developer path (/Library/Developer/CommandLineTools), missing xcrun at: /Library/Developer/CommandLineTools/usr/bin/xcrun
46 info resetRemote resetting /Users/taho/.npm/_git-remotes/git-github-com-requirejs-text-git-e7ab515b for requirejs/text
47 silly gentlyRm /Users/taho/.npm/_git-remotes/git-github-com-requirejs-text-git-e7ab515b is being purged
48 verbose gentlyRm don't care about contents; nuking /Users/taho/.npm/_git-remotes/git-github-com-requirejs-text-git-e7ab515b
49 silly vacuum-fs purging /Users/taho/.npm/_git-remotes/git-github-com-requirejs-text-git-e7ab515b
50 silly vacuum-fs quitting because other entries in /Users/taho/.npm/_git-remotes
51 info git [ 'clone',
51 info git   '--template=/Users/taho/.npm/_git-remotes/_templates',
51 info git   '--mirror',
51 info git   'git@github.com:requirejs/text.git',
51 info git   '/Users/taho/.npm/_git-remotes/git-github-com-requirejs-text-git-e7ab515b' ]
52 error git clone --template=/Users/taho/.npm/_git-remotes/_templates --mirror git@github.com:requirejs/text.git /Users/taho/.npm/_git-remotes/git-github-com-requirejs-text-git-e7ab515b: xcrun: error: invalid active developer path (/Library/Developer/CommandLineTools), missing xcrun at: /Library/Developer/CommandLineTools/usr/bin/xcrun
53 silly fetchPackageMetaData Error: Command failed: git clone --template=/Users/taho/.npm/_git-remotes/_templates --mirror git@github.com:requirejs/text.git /Users/taho/.npm/_git-remotes/git-github-com-requirejs-text-git-e7ab515b
53 silly fetchPackageMetaData xcrun: error: invalid active developer path (/Library/Developer/CommandLineTools), missing xcrun at: /Library/Developer/CommandLineTools/usr/bin/xcrun
53 silly fetchPackageMetaData
53 silly fetchPackageMetaData     at ChildProcess.exithandler (child_process.js:206:12)
53 silly fetchPackageMetaData     at emitTwo (events.js:106:13)
53 silly fetchPackageMetaData     at ChildProcess.emit (events.js:191:7)
53 silly fetchPackageMetaData     at maybeClose (internal/child_process.js:877:16)
53 silly fetchPackageMetaData     at Process.ChildProcess._handle.onexit (internal/child_process.js:226:5)
53 silly fetchPackageMetaData  error for requirejs/text { Error: Command failed: git clone --template=/Users/taho/.npm/_git-remotes/_templates --mirror git@github.com:requirejs/text.git /Users/taho/.npm/_git-remotes/git-github-com-requirejs-text-git-e7ab515b
53 silly fetchPackageMetaData xcrun: error: invalid active developer path (/Library/Developer/CommandLineTools), missing xcrun at: /Library/Developer/CommandLineTools/usr/bin/xcrun
53 silly fetchPackageMetaData
53 silly fetchPackageMetaData     at ChildProcess.exithandler (child_process.js:206:12)
53 silly fetchPackageMetaData     at emitTwo (events.js:106:13)
53 silly fetchPackageMetaData     at ChildProcess.emit (events.js:191:7)
53 silly fetchPackageMetaData     at maybeClose (internal/child_process.js:877:16)
53 silly fetchPackageMetaData     at Process.ChildProcess._handle.onexit (internal/child_process.js:226:5)
53 silly fetchPackageMetaData   killed: false,
53 silly fetchPackageMetaData   code: 1,
53 silly fetchPackageMetaData   signal: null,
53 silly fetchPackageMetaData   cmd: 'git clone --template=/Users/taho/.npm/_git-remotes/_templates --mirror git@github.com:requirejs/text.git /Users/taho/.npm/_git-remotes/git-github-com-requirejs-text-git-e7ab515b' }
54 silly rollbackFailedOptional Starting
55 silly rollbackFailedOptional Finishing
56 silly runTopLevelLifecycles Finishing
57 silly install printInstalled
58 verbose stack Error: Command failed: git clone --template=/Users/taho/.npm/_git-remotes/_templates --mirror git@github.com:requirejs/text.git /Users/taho/.npm/_git-remotes/git-github-com-requirejs-text-git-e7ab515b
58 verbose stack xcrun: error: invalid active developer path (/Library/Developer/CommandLineTools), missing xcrun at: /Library/Developer/CommandLineTools/usr/bin/xcrun
58 verbose stack
58 verbose stack     at ChildProcess.exithandler (child_process.js:206:12)
58 verbose stack     at emitTwo (events.js:106:13)
58 verbose stack     at ChildProcess.emit (events.js:191:7)
58 verbose stack     at maybeClose (internal/child_process.js:877:16)
58 verbose stack     at Process.ChildProcess._handle.onexit (internal/child_process.js:226:5)
59 verbose cwd /Users/taho/Documents/testProjects/myWebSite
60 error Darwin 16.5.0
61 error argv "/usr/local/bin/node" "/usr/local/bin/npm" "install" "requirejs/text"
62 error node v6.9.1
63 error npm  v3.10.8
64 error code 1
65 error Command failed: git clone --template=/Users/taho/.npm/_git-remotes/_templates --mirror git@github.com:requirejs/text.git /Users/taho/.npm/_git-remotes/git-github-com-requirejs-text-git-e7ab515b
65 error xcrun: error: invalid active developer path (/Library/Developer/CommandLineTools), missing xcrun at: /Library/Developer/CommandLineTools/usr/bin/xcrun
66 error If you need help, you may report this error at:
66 error     <https://github.com/npm/npm/issues>
67 verbose exit [ 1, true ]
